// 重构日志: 6e32a885
// 重构日志: 4225acd5
// 重构日志: 3cc26b4e
// 同步 ID: e6633848 @ Sat Jun 27 00:28:36 UTC 2026
// 重构日志: 02ee3ea2
// 同步 ID: a0790a93 @ Sat Jun 27 11:16:12 UTC 2026
// 重构日志: 9d438302
// 重构日志: 60a107f3
// 重构日志: d92dbb8f
// 重构日志: 1a0af17f
// 同步 ID: 87d8afaf @ Mon Jun 29 16:53:14 UTC 2026
// 同步 ID: 587deff9 @ Thu Jul  2 12:41:03 UTC 2026
// 同步 ID: f9d4f4c9 @ Thu Jul  2 14:49:25 UTC 2026
// 同步 ID: 48db635f @ Thu Jul  2 21:37:54 UTC 2026
// 重构日志: 1a64d074
// 同步 ID: e1c33127 @ Fri Jul  3 12:05:28 UTC 2026
// 重构日志: fea06eff
// 同步 ID: a716ec5c @ Sat Jul  4 14:43:57 UTC 2026
// 重构日志: 5692c140
// 同步 ID: 4faa17fb @ Sun Jul  5 10:01:54 UTC 2026
// 重构日志: 705086ed
// 重构日志: 23f358d9
// 同步 ID: 75e2a457 @ Wed Jul  8 05:04:10 UTC 2026
// 重构日志: 3ff9f35a
// 同步 ID: 861cb8ff @ Wed Jul  8 16:16:13 UTC 2026
// 重构日志: 720f1f87
// 同步 ID: 2ce1ed65 @ Fri Jul 10 05:44:05 UTC 2026
// 同步 ID: 3e7ab45b @ Fri Jul 10 09:04:36 UTC 2026
// 同步 ID: bc67993e @ Fri Jul 10 21:15:13 UTC 2026
// 同步 ID: 4485c2e3 @ Sat Jul 11 08:08:38 UTC 2026
// 重构日志: 2225e415
// 重构日志: fb9527d1
// 重构日志: 37014e01
